<?xml version="1.0" encoding="UTF-8"?>
<!-- Generated by org.testng.reporters.JUnitReportReporter -->
<testsuite hostname="DESKTOP-RCT58NL" failures="0" tests="2" name="com.capstoneproject_demowebshop.runner.HomepageRunnerTestCase" time="27.377" errors="0" timestamp="2025-03-19T08:29:09 IST" skipped="0">
  <testcase classname="com.capstoneproject_demowebshop.runner.HomepageRunnerTestCase" name="runScenario" time="15.254"/>
  <testcase classname="com.capstoneproject_demowebshop.runner.HomepageRunnerTestCase" name="runScenario" time="12.123"/>
</testsuite> <!-- com.capstoneproject_demowebshop.runner.HomepageRunnerTestCase -->
