<?xml version="1.0" encoding="UTF-8"?>
<!-- Generated by org.testng.reporters.JUnitReportReporter -->
<testsuite hostname="DESKTOP-RCT58NL" failures="0" tests="2" name="runner.RunnerTestCase" time="28.162" errors="0" timestamp="2025-03-11T15:59:30 IST" skipped="0">
  <testcase classname="runner.RunnerTestCase" name="runScenario" time="11.327"/>
  <testcase classname="runner.RunnerTestCase" name="runScenario" time="16.835"/>
</testsuite> <!-- runner.RunnerTestCase -->
