<?xml version="1.0" encoding="UTF-8"?>
<!-- Generated by org.testng.reporters.JUnitReportReporter -->
<testsuite hostname="DESKTOP-RCT58NL" failures="0" tests="1" name="com.capstoneproject_demowebshop.runner.ProductdetailsRunnerTestCase" time="36.387" errors="0" timestamp="2025-03-18T21:07:44 IST" skipped="0">
  <testcase classname="com.capstoneproject_demowebshop.runner.ProductdetailsRunnerTestCase" name="runScenario" time="36.387"/>
</testsuite> <!-- com.capstoneproject_demowebshop.runner.ProductdetailsRunnerTestCase -->
